  MB05 -122.28102  46.62087 -0.641
  MB07 -122.04239  46.62378 -0.878
  MC06 -122.15720  46.55202 -0.770
  MC08 -121.96322  46.55335 -0.653
  MD05 -122.27817  46.52316 -0.718
  MD09 -121.70671  46.50288 -0.959
  MD12 -121.22067  46.47694 -1.496
  ME02 -122.70734  46.43916 -0.158
  ME03 -122.57647  46.45207 -0.310
  ME04 -122.35194  46.45061 -0.730
  ME06 -122.19697  46.46329 -0.643
  MF05 -122.38676  46.39037 -0.727
  MF07 -122.00227  46.42563 -0.515
  MF09 -121.86100  46.38994 -1.216
  MG02 -122.73487  46.37375 -0.162
  MG03 -122.47619  46.33807 -0.638
  MG05 -122.34193  46.30588 -1.283
  MG06 -122.21745  46.35014 -1.408
  MG07 -122.03101  46.35285 -1.457
  MG08 -121.92873  46.34174 -1.547
  MG10 -121.65809  46.34472 -0.893
  MH01 -122.80627  46.26390 -0.197
  MH03 -122.59412  46.26842 -0.373
  MH04 -122.42707  46.27946 -0.920
  MH07 -122.08202  46.27981 -1.122
  MH09 -121.80103  46.29767 -0.989
  MH11 -121.57848  46.27071 -1.447
  MI02 -122.66592  46.21624 -0.349
  MI04 -122.41015  46.19594 -0.918
  MI05 -122.29212  46.23110 -1.255
  MI07 -122.07328  46.24823 -1.124
  MI08 -121.97448  46.25385 -1.246
  MI09 -121.83447  46.22937 -1.003
  MI10 -121.67823  46.21928 -1.001
  MJ01 -122.81126  46.19374 -0.339
  MJ02 -122.70120  46.13877 -0.317
  MJ03 -122.56496  46.15910 -0.397
  MJ06 -122.26062  46.16705 -0.976
  MJ07 -122.05578  46.17878 -0.509
  MJ09 -121.92144  46.18418 -1.052
  MK04 -122.39086  46.11270 -0.482
  MK06 -122.19253  46.11841 -0.680
  MK07 -122.11677  46.15270 -0.929
  MK08 -122.04607  46.11738 -0.762
  MK10 -121.77133  46.14467 -1.186
  MK11 -121.60194  46.15254 -1.343
  MK12 -121.36388  46.11370 -1.226
  ML03 -122.51601  46.06243 -0.356
  ML07 -122.11523  46.07427 -0.694
  ML09 -121.88036  46.07809 -1.144
  ML10 -121.75087  46.05278 -1.238
  ML11 -121.61633  46.07560 -1.033
  MM02 -122.68447  46.01971 -0.209
  MM04 -122.34545  46.01525 -0.313
  MM06 -122.25688  46.04118 -0.601
  MM08 -121.98412  46.03273 -1.019
  MN07 -122.08166  45.99261 -0.861
  MN09 -121.84190  46.00074 -1.254
  MN10 -121.68044  45.98163 -1.091
  MO03 -122.57483  45.92685 -0.254
  MO06 -122.20608  45.93212 -0.784
  MO07 -122.08445  45.88513 -1.248
  MP03 -122.49440  45.82557 -0.126
  MP04 -122.38108  45.81247 -0.497
  MP06 -122.19591  45.83138 -0.796
  MP08 -121.91156  45.86615 -0.781
  MP10 -121.80077  45.89865 -1.130
  MQ07 -122.10721  45.80818 -1.037
  MA05 -122.22619  46.75467 -0.488
  ME08 -121.86564  46.46195 -0.598
   CDF -122.04623  46.11689 -0.756
   ELK -122.34205  46.30539 -1.270
   FL2 -122.35149  46.19622 -1.378
   HSR -122.18065  46.17428 -1.720
   KOS -122.19602  46.46280 -0.610
  MF00 -122.24170  46.34820 -1.221
  MF11 -122.23857  46.36718 -1.029
  MF12 -122.22020  46.36580 -1.200
  MF13 -122.20853  46.37414 -0.917
  MF15 -122.23180  46.38930 -0.595
  MF21 -122.22520  46.35480 -1.261
  MF32 -122.21779  46.34258 -1.176
  MF34 -122.19504  46.33471 -1.414
  MF41 -122.24077  46.34127 -1.089
  MF42 -122.23840  46.32670 -1.312
  MF54 -122.26025  46.31348 -1.162
  MF61 -122.24977  46.34457 -1.135
  MF64 -122.29520  46.32950 -0.909
  MF68 -122.33750  46.30880 -1.270
  MF72 -122.26390  46.36110 -0.915
  MF74 -122.29681  46.34767 -0.720
  MF75 -122.29880  46.37380 -0.498
  MF77 -122.33473  46.36099 -0.791
  MF79 -122.34600  46.39410 -0.547
  MF85 -122.28030  46.39320 -0.825
   MTM -122.21287  46.02533 -1.121
   SHW -122.23635  46.19347 -1.425
   SOS -122.13787  46.24386 -1.270
   TDL -122.21704  46.35067 -1.400
   ASR -121.60164  46.15259 -1.357
   AUG -121.68174  45.73595 -0.865
  B013 -122.91080  47.81300 -0.075
  B017 -123.55750  46.99600 -0.034
  B018 -123.02030  46.97950 -0.010
  B019 -123.65180  46.65270 -0.009
  B020 -123.84450  46.38270 -0.031
  B022 -123.93105  45.95461 -0.010
  B023 -123.07870  46.11120 -0.177
  B024 -123.85580  45.63780 -0.038
  B026 -123.82305  45.30935 -0.232
  B201 -122.26480  46.30330 -0.990
  B202 -122.13670  46.24470 -1.219
  B203 -122.33367  46.16900 -0.814
  B204 -122.16900  46.13600 -0.784
  B941 -122.21900  46.98680 -0.151
  B943 -122.91130  47.81320 -0.084
  BLOW -122.18620  44.68370 -0.652
   BLT -120.17699  45.91500 -0.659
   BOW -123.22930  46.47483 -0.870
  BULL -122.15589  45.44589 -0.222
  CDMR -121.75779  47.42226 -0.479
   COR -123.30460  44.58550 -0.110
   CPW -123.13759  46.97365 -0.792
  D03D -123.08940  47.53470 -0.262
  D04E -122.77150  47.17860 -0.045
  DOSE -122.97180  47.71720 -0.053
  E04D -122.56730  46.55660 -0.204
   EDM -122.15121  46.19717 -1.609
  EGRN -122.97418  47.07234 -0.055
   ELL -120.56751  46.90951 -0.789
   ELW -121.87267  47.49410 -0.267
  EYES -123.05774  45.32989 -0.065
  F04D -123.01080  46.08290 -0.236
  F05D -121.45970  45.88520 -0.472
  FISH -123.55910  45.93060 -0.325
   FMW -121.67101  46.94139 -1.859
  G03D -123.26410  45.21150 -0.222
  G05D -121.31670  45.24220 -0.592
   GHW -122.27373  47.04149 -0.268
  GLDO -120.81479  45.83878 -0.610
   GLK -121.61073  46.55750 -1.305
   GMW -122.78759  47.54773 -0.506
   GNW -122.82498  47.56413 -0.220
   GSM -121.79604  47.20388 -1.313
   GUL -121.59675  45.92401 -1.189
  H04D -122.73770  44.52340 -0.284
   HDW -123.05550  47.64831 -1.006
  HEBO -123.75539  45.21350 -0.875
  HIYU -121.80739  45.43523 -1.418
  HOOD -121.65093  45.32226 -1.512
   HTW -121.76887  47.80377 -0.833
  HUBA -122.65259  45.63067 -0.045
   JRO -122.21780  46.27510 -1.280
   JUN -122.15243  46.14706 -1.049
  KEEL -122.89632  45.55006 -0.067
   KMO -123.49073  45.63533 -0.975
  LCCR -122.47840  45.20590 -0.273
   LCW -122.70201  46.67049 -0.396
  LEBA -123.56320  46.54590 -0.073
   LO2 -121.80960  46.75060 -0.853
   LON -121.80960  46.75060 -0.853
  LRIV -123.50400  48.05750 -0.294
   LTY -120.66636  47.25451 -0.807
   LVP -122.40193  46.06595 -1.130
  MORO -120.74183  45.47431 -0.557
   MOX -120.29934  46.57718 -0.501
   NAC -120.82485  46.73301 -0.728
   NLO -123.45173  46.08924 -0.826
  NLWA -123.86910  47.39170 -0.640
  OBSR -121.81533  46.89972 -2.382
  PALM -121.70554  45.35858 -2.590
  PANH -121.64261  46.85900 -2.109
  PAYL -122.31278  47.19278 -0.010
  PCEP -122.29000  47.11160 -0.160
  PCFR -122.44218  46.98962 -0.137
  PERL -122.77903  45.32845 -0.070
   PGO -122.45440  45.46168 -0.253
  QAMI -122.97613  45.52561 -0.057
  QDJW -122.58915  45.52270 -0.138
  QFUG -122.68601  45.57420 -0.050
  QJBC -122.79342  45.46355 -0.058
  QLUE -122.67915  45.49184 -0.087
  QMAD -122.61480  45.53696 -0.057
  QNZO -122.80932  45.50812 -0.067
  QUIP -122.61141  45.39502 -0.024
  QWAK -122.64202  45.56570 -0.050
  QWLM -122.75038  45.59974 -0.026
  QWZR -122.73374  45.53233 -0.234
  RADR -123.79897  46.42181 -0.568
  RATT -121.80254  47.42546 -0.440
   RAW -121.93267  47.33705 -0.208
   RCM -121.73298  46.83564 -3.085
   RCS -121.73231  46.87083 -2.877
   RER -121.84213  46.81905 -1.756
  ROSS -122.65815  45.66178 -0.061
  RRHS -123.04165  46.79942 -0.047
   RVC -121.97419  46.94408 -1.000
   RVW -122.74347  46.14794 -0.460
   SEP -122.19060  46.20021 -2.116
  SMNR -122.23150  47.20460 -0.022
   SMW -123.34445  47.31945 -0.877
  SR41 -121.53664  46.88668 -1.454
  STAR -121.79295  46.85085 -3.365
   STD -122.22396  46.23761 -1.268
  STOR -121.98880  47.18810 -0.266
   SUG -122.17626  46.21555 -1.859
  SWF2 -122.21677  46.17835 -1.548
  TBPA -122.36818  47.25788 -0.002
   TDH -121.79152  45.28967 -1.541
  TIMB -121.71036  45.33572 -1.869
  TOLT -121.68950  47.69470 -0.541
  VALT -122.18925  46.21422 -1.681
   VBE -121.58801  45.06017 -1.544
   VCR -120.98932  44.98267 -1.014
   VFP -121.46627  45.31790 -1.716
   VG2 -122.27203  45.15540 -0.823
   VGB -120.77867  45.51551 -0.729
   VLL -121.68035  45.46317 -1.195
   VTH -120.56249  45.18102 -0.773
  VVHS -122.45488  47.42345 -0.095
   WPO -122.79053  45.57283 -0.334
   WPW -121.53734  46.69864 -1.280
   YA2 -120.53118  46.52652 -0.652
  YACT -122.41930  45.93250 -0.211
  ALCT -122.03770  47.64690 -0.055
  ALKI -122.41760  47.57510 -0.001
  ALST -123.03414  46.10881 -0.198
  ATES -122.06042  48.23617 -0.062
  B001 -123.13141  48.04307 -0.237
  B003 -124.14086  48.06236 -0.285
  B004 -124.42701  48.20193 -0.030
  B005 -123.50328  48.05955 -0.303
  B006 -123.50080  48.05880 -0.302
  B007 -123.50411  48.05758 -0.293
  B014 -123.81250  47.51330 -0.065
  B028 -122.96383  44.49367 -0.140
  B05D -122.09600  48.26410 -0.153
  BABE -122.53528  47.60583 -0.083
  BABR -123.78924  44.62132 -0.418
   BEN -119.71852  46.51863 -0.335
  BEVT -122.27811  47.92497 -0.165
   BHW -122.03340  47.83665 -0.198
  BILS -124.25138  47.53966 -0.062
   BKC -121.69716  44.29926 -1.208
   BLN -122.97265  48.00662 -0.601
   BPO -121.68984  44.65175 -1.957
  BRKS -122.29013  47.75520 -0.033
   BRO -122.45316  44.26721 -1.341
   BRV -119.99232  46.48519 -0.920
  BSFP -122.30777  47.53186 -0.011
  BUCK -122.98619  44.19731 -0.964
   BVW -119.88349  46.81083 -0.670
  C06D -120.89430  47.92290 -0.544
   CBS -120.04285  47.80469 -1.067
  CCRK -119.85480  46.55850 -0.561
  CHZZ -123.97810  45.48650 -0.055
  COLT -122.43815  45.17044 -0.219
  CORE -123.91600  46.92570 -0.046
  D04D -122.77230  47.17860 -0.037
   DY2 -119.77250  47.98503 -0.890
  EARN -122.04380  47.74090 -0.159
   EPH -119.59715  47.35619 -0.661
   ETW -120.33352  47.60418 -1.477
  EVCC -122.20425  48.00750 -0.000
  EVGW -122.15338  47.85440 -0.010
   FHE -119.49809  46.95178 -0.455
  FINN -122.23220  47.71950 -0.121
  FORK -124.56620  47.94750 -0.048
  FRIS -122.10167  44.21208 -1.642
   GBB -119.62898  46.60869 -0.185
   GBL -119.46097  46.59819 -0.330
   GL2 -120.82409  45.95957 -1.000
   GMO -120.95734  44.43896 -1.689
   GPW -121.13788  48.11789 -2.354
  GRCC -122.18028  47.31237 -0.134
  GRUT -119.51028  46.55122 -0.219
   H1K -119.59287  46.64468 -0.152
   H2E -119.53450  46.55780 -0.210
   H2O -119.42411  46.39555 -0.175
  HAWA -119.53270  46.39250 -0.364
  HGBL -119.46082  46.59801 -0.331
  HICC -122.29790  47.39012 -0.115
  HOLY -122.38360  47.56540 -0.106
   HUO -121.84935  44.11954 -2.037
  I02D -123.84690  44.10590 -0.109
  I05D -121.33950  44.33860 -0.811
  IONE -119.82783  45.49803 -0.317
   JBO -119.83816  45.46143 -0.645
   JCW -121.92746  48.19533 -0.792
  KCAM -122.31850  47.54400 -0.005
   KDK -122.33223  47.59520 -0.004
  KENT -120.63510  45.23570 -0.780
  KIMB -122.30280  47.57480 -0.069
  KIMR -122.76722  47.50306 -0.123
  KINR -122.64306  47.75167 -0.008
  KITP -122.62974  47.67520 -0.049
  KNEL -122.25193  47.38052 -0.014
  LAWT -122.39062  47.65694 -0.049
  LEOT -122.11560  47.76790 -0.115
   LMW -122.29255  46.66783 -1.195
   LOC -119.43197  46.71686 -0.210
   LTH -119.41768  46.46170 -0.157
  LYNC -122.29384  47.82555 -0.019
  MARY -122.12068  47.66334 -0.012
  MAUP -121.07912  45.17620 -0.318
  MBPA -121.89018  47.89835 -0.186
   MDW -119.76215  46.61302 -0.330
  MEAN -122.30542  47.62259 -0.110
  MEGW -123.87709  46.26609 -0.351
   MEW -122.64707  47.20176 -0.097
  MNWA -122.53414  47.56503 -0.008
  MONO -123.24097  44.85343 -0.060
   MPL -122.18458  47.46861 -0.122
   MPO -123.55300  44.50428 -1.223
  MRIN -122.69828  44.80039 -0.187
   NED -122.18549  46.20025 -2.060
   NEL -120.34137  48.07003 -1.500
  NEWO -124.04622  44.62392 -0.002
  NIHS -122.22141  47.74144 -0.137
  NOWS -122.25444  47.68630 -0.021
   OBC -124.07882  48.03511 -0.938
  OCEN -124.15949  46.95247 -0.004
   OCP -124.62516  48.29787 -0.487
   OFR -124.39604  47.93313 -0.152
   OHC -123.15879  47.33262 -0.011
   ON2 -123.78233  46.88058 -0.257
  ONAB -124.07487  44.51466 -0.034
   OOW -124.18747  47.73414 -0.561
  OOW2 -124.17544  47.74919 -0.741
   OPC -123.41291  48.10009 -0.090
   OSD -123.70511  47.81624 -2.008
   OSR -123.96296  47.50545 -0.815
   OTR -124.34549  48.08535 -0.712
  PAT2 -119.75775  45.88362 -0.259
  PCMD -122.30148  46.88896 -0.239
  PHIN -119.92780  45.89510 -0.227
  PNLK -122.03483  47.58162 -0.128
  PRLK -121.96264  44.20975 -1.283
   PRO -119.68681  46.21252 -0.553
  PSNS -122.63763  47.56273 -0.026
   QAW -122.35554  47.63157 -0.140
  QBGD -122.37667  47.29793 -0.117
  QBIT -122.34992  47.72215 -0.138
  QBSH -122.03202  47.52797 -0.036
  QBUS -122.20043  48.23098 -0.050
  QCDG -122.58696  48.10002 -0.052
  QCMM -122.50765  47.28638 -0.089
  QCOM -122.33357  47.61823 -0.087
  QCOR -122.33183  47.65514 -0.048
  QDAD -122.62951  45.44080 -0.032
  QDLP -122.14735  47.50655 -0.138
  QDND -122.58245  45.47908 -0.073
  QEGA -122.21261  47.98284 -0.026
  QEMS -122.81042  46.98611 -0.061
  QFAL -121.90047  47.56557 -0.038
  QFFG -122.35802  47.24417 -0.004
  QFRG -122.30612  47.38026 -0.078
  QFRZ -122.92066  47.03468 -0.564
  QFTL -122.39229  47.53335 -0.056
  QGLD -120.58241  46.64435 -0.037
  QGNG -122.39565  47.69009 -0.085
  QHOP -122.83960  47.06092 -0.619
  QHRH -122.20142  47.47731 -0.054
  QJEA -122.22317  47.37622 -0.079
  QKEV -122.21716  47.30724 -0.027
  QKRK -122.19395  47.70702 -0.078
  QKSO -122.47907  47.26988 -0.098
  QKTN -122.52930  47.80860 -0.042
  QLBR -122.35948  47.46955 -0.108
  QLIN -122.34846  47.69250 -0.103
  QLIZ -122.92482  47.00666 -0.481
  QLKR -122.24313  47.50676 -0.077
  QMAC -122.32254  47.34549 -0.055
  QMAP -122.33313  47.45056 -0.069
  QMLO -122.08769  47.36405 -0.121
  QNCH -122.56893  45.61489 -0.088
  QNKP -122.37050  47.71848 -0.076
  QNPB -122.34238  47.43327 -0.066
  QNWT -122.39440  47.63694 -0.071
  QOCL -122.90044  47.02649 -0.054
  QOCS -124.16718  46.97760 -0.005
  QOPE -122.90115  47.04676 -0.003
  QOUT -122.39303  47.51009 -0.009
  QPBC -122.32652  47.80180 -0.095
  QPLV -121.99204  47.85852 -0.015
  QRCR -122.20673  47.48674 -0.009
  QRMB -122.38951  47.77483 -0.039
  QRNR -122.25959  47.51982 -0.021
  QSAL -122.49525  45.51522 -0.057
  QSKT -122.53312  47.21344 -0.128
  QTKM -122.44819  47.22864 -0.105
  QTNB -122.55690  47.28922 -0.077
  QTVT -122.22484  47.94859 -0.130
  QUIN -122.89655  47.03351 -0.040
  QVAS -122.11548  47.58237 -0.065
   RED -119.43880  46.29736 -0.330
  RHAZ -122.18493  47.54020 -0.108
   RMW -121.80656  47.45953 -1.024
  RSLG -123.85690  45.02240 -0.068
   RSW -119.59247  46.39436 -1.045
   SAW -119.40165  47.70153 -0.701
   SCC -122.36105  47.74965 -0.147
   SEA -122.30938  47.65421 -0.030
  SEAS -123.92576  45.99742 -0.005
  SHRK -121.52877  45.46432 -1.319
   SLF -120.52940  47.76057 -1.750
   SNI -119.66089  46.46386 -0.323
   SP2 -122.24923  47.55629 -0.030
   SQM -123.04806  48.07368 -0.045
   SSO -122.46169  44.85584 -1.242
  SSS2 -122.33109  47.58180 -0.005
   STW -123.67106  48.15067 -0.308
  SVOH -122.63316  48.28920 -0.022
  SVTR -121.78159  47.49576 -0.146
  SWFL -122.20203  46.18867 -2.268
  SWID -122.41101  48.01285 -0.062
   TBM -120.59918  47.16985 -1.006
  TCBU -121.66438  44.24083 -1.646
  TKCO -122.30165  47.53668 -0.005
  TLW1 -121.68879  47.69295 -0.531
  TOLO -123.92250  44.62187 -0.021
   TRW -120.54312  46.29207 -0.723
   TWW -120.86952  47.13801 -1.027
   UPS -122.48364  47.26394 -0.113
   VIP -120.61997  44.50802 -1.731
   VLM -122.04036  45.53834 -1.150
   VT2 -120.00033  46.96719 -0.385
   WA2 -119.56681  46.75519 -0.244
   WAT -119.95517  47.69852 -0.821
  WEL1 -119.86202  47.94767 -0.241
  WEL2 -119.85902  47.94810 -0.254
  WISC -122.17553  47.60926 -0.056
  WISH -123.77118  47.11698 -0.045
   WRW -120.88298  47.85644 -1.189
  YACH -124.09660  44.31500 -0.217
l01_d -124.038704 46.597901 0.000000
l02_d -123.820803 46.578502 -0.082000
l03_d -123.503007 46.580103 -0.111000
l04_d -123.241699 46.589400 -5.000000
l05_d -123.006808 46.567101 -0.180000
l07_d -122.458303 46.569403 -0.228000
l08_d -122.180602 46.530607 -0.247000
l09_d -121.900809 46.490298 -0.384000
l10_d -121.659212 46.585001 -0.508000
l11_d -121.431098 46.630602 -1.343000
l12_d -121.150814 46.663699 -1.089000
  4001 -122.18949  46.16662 -1.398
  4003 -122.18401  46.16650 -1.367
  4004 -122.18225  46.16461 -1.308
  4005 -122.18224  46.16272 -1.252
  4006 -122.18038  46.16089 -1.164
  4007 -122.17814  46.15973 -1.183
  4009 -122.17321  46.15855 -1.120
  4010 -122.17096  46.15774 -1.120
  4012 -122.16422  46.15754 -1.105
  4013 -122.16231  46.15667 -1.077
  4014 -122.16137  46.15513 -1.063
  4015 -122.15833  46.15370 -1.032
  4016 -122.15437  46.15489 -1.085
  4017 -122.15281  46.15673 -1.105
  4018 -122.15148  46.15884 -1.077
  4019 -122.14947  46.16153 -1.107
  4020 -122.14775  46.16381 -1.139
  4021 -122.14780  46.16546 -1.178
  4022 -122.14564  46.16650 -1.216
  4023 -122.14411  46.16769 -1.227
  4024 -122.14560  46.16982 -1.238
  4025 -122.14776  46.17105 -1.243
  4026 -122.14909  46.17211 -1.250
  4027 -122.14856  46.17335 -1.240
  4028 -122.14796  46.17489 -1.259
  4029 -122.14780  46.17611 -1.261
  4030 -122.14606  46.17760 -1.279
  4031 -122.14719  46.17926 -1.321
  4032 -122.14639  46.18177 -1.324
  4033 -122.14748  46.18356 -1.337
  4034 -122.14786  46.18523 -1.341
  4035 -122.14665  46.18674 -1.344
  4036 -122.14652  46.18827 -1.365
  4037 -122.14629  46.18949 -1.363
  4038 -122.14505  46.19038 -1.351
  4039 -122.14355  46.19102 -1.307
  4040 -122.14251  46.19201 -1.292
  4041 -122.14007  46.19246 -1.272
  4042 -122.13719  46.19284 -1.267
  4043 -122.13534  46.19424 -1.281
  4044 -122.13623  46.19560 -1.285
  4045 -122.13924  46.19666 -1.286
  4046 -122.13906  46.19805 -1.299
  4047 -122.13846  46.19978 -1.322
  4048 -122.13576  46.20025 -1.323
  4049 -122.13568  46.20187 -1.317
  4050 -122.13661  46.20345 -1.328
  4051 -122.13691  46.20547 -1.348
  4052 -122.13672  46.20784 -1.334
  4053 -122.13804  46.20988 -1.340
  4054 -122.13871  46.21159 -1.350
  4055 -122.13930  46.21288 -1.361
  4056 -122.14191  46.21281 -1.366
  4057 -122.14408  46.21282 -1.380
  4058 -122.14684  46.21279 -1.393
  4059 -122.14922  46.21370 -1.398
  4060 -122.15078  46.21457 -1.407
  4061 -122.15359  46.21624 -1.474
  4062 -122.15342  46.21798 -1.462
  4063 -122.15488  46.21959 -1.384
  4064 -122.15599  46.22071 -1.389
  4065 -122.15755  46.22305 -1.372
  4066 -122.15878  46.22474 -1.347
  4067 -122.16001  46.22574 -1.333
  4068 -122.16048  46.22644 -1.327
  4069 -122.16078  46.22728 -1.323
  4070 -122.15961  46.22792 -1.310
  4071 -122.15925  46.22890 -1.308
  4072 -122.16169  46.22768 -1.325
  4073 -122.16283  46.22745 -1.336
  4074 -122.16531  46.22752 -1.338
  4075 -122.16751  46.22840 -1.338
  4076 -122.16977  46.22804 -1.337
  4077 -122.17224  46.22833 -1.343
  4078 -122.17397  46.22940 -1.316
  4079 -122.17668  46.23127 -1.290
  4082 -122.17782  46.23607 -1.205
  4083 -122.17701  46.23728 -1.179
  4084 -122.17645  46.23867 -1.166
  4086 -122.17500  46.23901 -1.154
  4093 -122.20198  46.23800 -1.142
  4094 -122.20498  46.23810 -1.124
  4095 -122.20800  46.23720 -1.134
  4096 -122.21099  46.23690 -1.187
  4097 -122.21226  46.23492 -1.202
  4098 -122.21331  46.23271 -1.219
  4099 -122.21603  46.23109 -1.224
  4100 -122.21886  46.23099 -1.242
  4101 -122.22221  46.23164 -1.224
  4102 -122.22330  46.22962 -1.203
  4103 -122.22416  46.22796 -1.216
  4104 -122.22403  46.22580 -1.246
  4105 -122.22342  46.22359 -1.240
  4106 -122.22713  46.22374 -1.252
  4107 -122.23046  46.22266 -1.269
  4108 -122.23267  46.22158 -1.255
  4109 -122.23486  46.21975 -1.262
  4110 -122.23576  46.21803 -1.268
  4111 -122.23674  46.21573 -1.268
  4112 -122.24071  46.21482 -1.226
  4115 -122.25222  46.21021 -0.998
  4116 -122.25215  46.20922 -1.043
  4117 -122.24903  46.20776 -1.156
  4118 -122.24630  46.20682 -1.202
  4119 -122.24334  46.20681 -1.257
  4120 -122.24132  46.20576 -1.309
  4121 -122.23958  46.20617 -1.322
  4122 -122.23716  46.20540 -1.374
  4123 -122.23498  46.20504 -1.404
  4124 -122.23338  46.20425 -1.440
  4125 -122.23417  46.20294 -1.438
  4126 -122.23505  46.20113 -1.429
  4127 -122.23433  46.19923 -1.398
  4128 -122.23703  46.19745 -1.391
  4129 -122.23704  46.19589 -1.405
  4130 -122.23764  46.19430 -1.397
  4131 -122.23674  46.19208 -1.403
  4132 -122.23425  46.19020 -1.394
  4133 -122.23066  46.19029 -1.454
  4134 -122.22998  46.18776 -1.467
  4135 -122.22726  46.18624 -1.477
  4136 -122.22373  46.18478 -1.518
  4137 -122.22325  46.18246 -1.491
  4138 -122.22269  46.18026 -1.455
  4139 -122.22089  46.17838 -1.452
  4140 -122.21915  46.17609 -1.450
  4141 -122.21751  46.17553 -1.463
  4150 -122.19760  46.16542 -1.456
  4151 -122.19605  46.16326 -1.406
  4152 -122.19294  46.16335 -1.403
  4154 -122.19138  46.16214 -1.334
  4155 -122.19227  46.15980 -1.300
  4156 -122.19288  46.15740 -1.269
  4157 -122.18961  46.15642 -1.265
  4158 -122.18664  46.15542 -1.227
  4159 -122.18540  46.15335 -1.221
  4160 -122.18502  46.15144 -1.208
  4161 -122.18560  46.14981 -1.165
  4162 -122.18551  46.14840 -1.171
  4163 -122.18429  46.14691 -1.152
  4169 -122.18610  46.14279 -1.078
  4170 -122.18947  46.14382 -1.055
  4171 -122.19191  46.14526 -1.031
  4172 -122.19300  46.14727 -1.027
  4173 -122.19539  46.14526 -1.002
  4174 -122.19760  46.14427 -0.993
  4175 -122.20094  46.14359 -0.993
  4177 -122.20658  46.14129 -0.962
  4178 -122.20924  46.14037 -0.944
  4179 -122.20987  46.13936 -0.920
  4180 -122.21252  46.13853 -0.923
  4181 -122.21373  46.13668 -0.905
  4182 -122.20702  46.13998 -0.934
  4183 -122.20389  46.13985 -0.925
  4184 -122.20067  46.13984 -0.926
  4185 -122.19827  46.13952 -0.915
  4188 -122.19421  46.13800 -0.948
  4189 -122.19307  46.13787 -0.953
  4190 -122.19151  46.13782 -0.951
  4191 -122.19023  46.13756 -0.931
  4192 -122.18919  46.13661 -0.912
  4193 -122.19088  46.13644 -0.905
  4194 -122.19133  46.13586 -0.895
  4195 -122.19166  46.13513 -0.891
  4201 -122.19583  46.13757 -0.897
  4202 -122.19558  46.13679 -0.891
  4203 -122.19577  46.13565 -0.885
  4204 -122.19593  46.13484 -0.882
  4205 -122.19230  46.13391 -0.890
  4206 -122.19191  46.13457 -0.884
  4207 -122.19694  46.13882 -0.908
  4208 -122.19652  46.13397 -0.887
  4209 -122.19699  46.13162 -0.888
  4210 -122.19621  46.12977 -0.867
  4219 -122.21957  46.17464 -1.421
  4220 -122.22220  46.17294 -1.380
  4221 -122.22334  46.17098 -1.359
  4222 -122.22734  46.17146 -1.352
  4223 -122.22791  46.16868 -1.218
  4225 -122.23057  46.16539 -1.202
  4226 -122.22970  46.16263 -1.138
  4227 -122.22742  46.16205 -1.138
  4228 -122.22740  46.16067 -1.119
  4229 -122.23027  46.15827 -1.079
  4230 -122.23220  46.15655 -1.049
  4231 -122.23296  46.15500 -1.027
  4232 -122.23355  46.15313 -1.030
  4233 -122.23395  46.15201 -1.018
  4234 -122.23413  46.15069 -0.990
  4235 -122.23570  46.14997 -0.978
  4236 -122.23620  46.14845 -0.971
  4237 -122.23605  46.14664 -0.964
  4238 -122.23496  46.14413 -0.959
  4239 -122.23669  46.15053 -0.991
  4240 -122.23951  46.15060 -0.972
  4241 -122.24201  46.15224 -0.953
  4242 -122.24281  46.15409 -0.951
  4243 -122.24450  46.15582 -0.971
  4244 -122.24634  46.15820 -0.977
  4245 -122.24800  46.16046 -0.979
  4246 -122.24892  46.16154 -0.988
  4247 -122.25047  46.16390 -1.006
  4248 -122.25155  46.16487 -1.008
  4249 -122.25253  46.16567 -1.012
  4250 -122.25373  46.16652 -1.008
  4251 -122.25389  46.16738 -1.021
  4252 -122.25541  46.16572 -0.998
  4253 -122.25500  46.16735 -1.016
  4254 -122.25595  46.16748 -1.010
  4255 -122.25676  46.16761 -1.000
  4256 -122.25763  46.16787 -0.999
  4257 -122.25610  46.16810 -1.007
  4258 -122.25532  46.16838 -1.013
  4259 -122.25547  46.16889 -1.018
  4260 -122.25617  46.16706 -1.006
  4261 -122.25608  46.16654 -1.004
  4262 -122.25621  46.16605 -1.000
  4263 -122.25654  46.16548 -0.987
  4264 -122.25531  46.16586 -0.998
  4265 -122.25591  46.16531 -0.996
  4266 -122.25329  46.16762 -1.024
  4267 -122.25279  46.16813 -1.026
  4268 -122.25207  46.16841 -1.024
  4269 -122.25468  46.16941 -1.026
  4270 -122.25121  46.16885 -1.032
  4272 -122.25697  46.16479 -0.996
  4275 -122.12284  46.14455 -0.879
  4276 -122.12753  46.14586 -0.917
  4277 -122.13148  46.14491 -0.928
  4278 -122.13526  46.14410 -0.920
  4279 -122.13881  46.14335 -0.911
  4282 -122.14514  46.14422 -0.891
  4283 -122.14435  46.14627 -0.952
  4284 -122.14616  46.14691 -0.982
  4285 -122.14681  46.14903 -1.014
  4286 -122.14942  46.14963 -1.023
  4287 -122.15136  46.14910 -1.028
  4288 -122.15355  46.14806 -1.043
  4289 -122.15675  46.14805 -1.044
  4290 -122.15435  46.15014 -1.051
  4291 -122.15201  46.15216 -1.051
  4292 -122.15055  46.15378 -1.050
  4293 -122.14897  46.15593 -1.046
  4294 -122.14620  46.15742 -1.046
  4295 -122.14358  46.15713 -1.041
  4296 -122.14065  46.15622 -1.024
  4300 -122.13716  46.15034 -0.950
  4301 -122.13572  46.14949 -0.951
  4302 -122.13430  46.14922 -0.948
  4303 -122.13334  46.14908 -0.947
  4304 -122.13254  46.14878 -0.948
  4305 -122.13190  46.14811 -0.941
  4306 -122.13139  46.14744 -0.940
  4307 -122.13091  46.14679 -0.940
  4308 -122.13314  46.14954 -0.952
  4309 -122.13364  46.15027 -0.953
  4310 -122.13457  46.15114 -0.962
  4311 -122.13510  46.15175 -0.963
  4312 -122.13534  46.15246 -0.970
  4313 -122.17157  46.13816 -0.868
  4314 -122.17033  46.14084 -0.912
  4315 -122.16796  46.14506 -0.953
  4316 -122.16990  46.14822 -0.989
  4319 -122.13613  46.15354 -0.976
  4320 -122.13837  46.15521 -1.006
  4321 -122.14765  46.13711 -0.839
  4322 -122.15269  46.13612 -0.829
  4324 -122.16205  46.13670 -0.813
  4327 -122.17122  46.13661 -0.873
  4328 -122.17143  46.13950 -0.888
  4329 -122.17045  46.14215 -0.914
  4330 -122.17111  46.14479 -0.931
  4331 -122.16971  46.14662 -0.965
  4332 -122.16933  46.14909 -1.002
  4333 -122.16912  46.15119 -1.020
  4334 -122.16929  46.15327 -1.035
  4335 -122.17032  46.15549 -1.057
  4341 -122.26291  46.12875 -0.988
  4342 -122.26693  46.12887 -0.999
  4343 -122.26864  46.12712 -1.012
  4344 -122.27106  46.12661 -1.036
  4345 -122.26556  46.12734 -0.964
  4346 -122.26453  46.12537 -0.961
  4347 -122.24956  46.12754 -0.974
  4348 -122.24787  46.12498 -0.963
  4349 -122.24497  46.12301 -0.954
  4350 -122.24148  46.12418 -0.942
  4351 -122.23946  46.12216 -0.932
  4352 -122.23787  46.11993 -0.912
  4353 -122.23370  46.11947 -0.914
  4354 -122.23320  46.11774 -0.897
  4355 -122.23103  46.11554 -0.872
  4357 -122.22632  46.11185 -0.821
  4358 -122.22286  46.11017 -0.801
  4359 -122.21840  46.11120 -0.765
  4360 -122.21991  46.10813 -0.700
  4361 -122.21601  46.10798 -0.693
  4363 -122.21488  46.10571 -0.625
  4364 -122.21617  46.10361 -0.601
  4365 -122.21461  46.10113 -0.596
  4366 -122.21121  46.09884 -0.586
  4375 -122.20522  46.10962 -0.639
  4376 -122.20443  46.11151 -0.655
  4377 -122.20307  46.11320 -0.669
  4388 -122.20952  46.11997 -0.727
  4389 -122.21342  46.12077 -0.747
  4390 -122.21345  46.12485 -0.786
  4391 -122.21193  46.12781 -0.823
  4392 -122.21016  46.13102 -0.838
  4393 -122.21318  46.13310 -0.865
  4394 -122.21758  46.13674 -0.880
  4395 -122.22163  46.13954 -0.899
  4397 -122.22951  46.14350 -0.935
  4398 -122.23238  46.14992 -0.992
  4399 -122.23072  46.14900 -0.987
  4400 -122.23922  46.14376 -0.946
  4401 -122.24353  46.14277 -0.914
  4402 -122.24700  46.14235 -0.908
  4403 -122.25071  46.14139 -0.899
  4404 -122.25451  46.14196 -0.871
  4405 -122.25839  46.14097 -0.831
  4406 -122.26283  46.14178 -0.832
  4407 -122.26708  46.14223 -0.825
  4415 -122.27421  46.15297 -0.875
  4416 -122.27165  46.15449 -0.886
  4417 -122.27215  46.15537 -0.888
  4420 -122.27004  46.15304 -0.897
  4421 -122.26839  46.15507 -0.913
  4422 -122.26656  46.15729 -0.914
  4423 -122.26539  46.15943 -0.922
  4424 -122.26402  46.16152 -0.936
  4433 -122.27723  46.17573 -0.988
  4434 -122.27876  46.17745 -1.017
  4435 -122.27870  46.17999 -1.033
  4436 -122.28183  46.18083 -1.052
  4439 -122.28131  46.18503 -1.087
  4440 -122.27912  46.18642 -1.063
  4441 -122.27994  46.18841 -1.034
  4442 -122.27996  46.19044 -1.022
  4443 -122.27620  46.18999 -1.037
  4444 -122.27363  46.18891 -1.009
  4445 -122.27286  46.19141 -0.985
  4446 -122.27400  46.19368 -0.979
  4447 -122.27612  46.19570 -0.977
  4448 -122.27319  46.19217 -0.985
  4449 -122.28021  46.18941 -1.016
  4450 -122.28215  46.18462 -1.077
  4451 -122.28587  46.18164 -1.073
  4452 -122.28055  46.18083 -1.035
  4455 -122.12837  46.19287 -1.248
  4456 -122.12520  46.19184 -1.225
  4457 -122.12234  46.19112 -1.192
  4458 -122.12051  46.18915 -1.167
  4464 -122.10646  46.18101 -1.117
  4465 -122.10506  46.17818 -1.034
  4466 -122.09999  46.17774 -0.990
  4467 -122.09798  46.17482 -0.998
  4468 -122.09828  46.17172 -0.998
  4469 -122.09852  46.16861 -0.967
  4472 -122.11605  46.14427 -0.873
  4473 -122.11258  46.14696 -0.881
  4474 -122.10945  46.14931 -0.878
  4475 -122.10693  46.15097 -0.886
  4476 -122.10526  46.15322 -0.880
  4477 -122.10275  46.15522 -0.908
  4478 -122.10113  46.15739 -0.917
  4479 -122.09758  46.15858 -0.895
  4480 -122.09668  46.16025 -0.893
  4484 -122.10052  46.15335 -0.890
  4485 -122.09872  46.15128 -0.871
  4495 -122.13936  46.13799 -0.875
  4496 -122.13096  46.13832 -0.879
  4497 -122.12610  46.14036 -0.874
  4499 -122.09508  46.15753 -0.879
  4500 -122.09199  46.15588 -0.870
  4501 -122.08850  46.15380 -0.855
  4502 -122.08464  46.15197 -0.838
  4503 -122.08165  46.14954 -0.876
  4504 -122.08044  46.14761 -0.889
  4505 -122.07952  46.14532 -0.870
  4506 -122.07660  46.14388 -0.883
  4507 -122.07339  46.14500 -0.879
  4508 -122.07065  46.14693 -0.874
  4509 -122.06890  46.14529 -0.852
  4510 -122.06735  46.14316 -0.856
  4511 -122.06756  46.14065 -0.848
  4512 -122.06675  46.13802 -0.836
  4513 -122.06609  46.13558 -0.830
  4514 -122.06559  46.13327 -0.809
  4515 -122.06242  46.13236 -0.805
  4516 -122.05912  46.13204 -0.815
  4517 -122.05910  46.12954 -0.807
  4524 -122.30802  46.15000 -0.722
  4525 -122.31280  46.14843 -0.696
  4526 -122.31677  46.14658 -0.679
  4527 -122.32060  46.14487 -0.656
  4528 -122.32619  46.14324 -0.627
  4529 -122.32953  46.14106 -0.621
  4531 -122.07985  46.15828 -0.830
  4532 -122.07788  46.16039 -0.809
  4533 -122.07474  46.16251 -0.791
  4534 -122.07086  46.16409 -0.772
  4535 -122.06675  46.16498 -0.745
  4536 -122.06247  46.16474 -0.714
  4537 -122.05818  46.16531 -0.687
  4538 -122.05433  46.16464 -0.661
  4539 -122.05005  46.16454 -0.631
  4540 -122.04672  46.16598 -0.619
  4543 -122.05952  46.18659 -0.528
  4544 -122.06151  46.18764 -0.532
  4545 -122.06175  46.18680 -0.530
  4546 -122.06341  46.18617 -0.542
  4547 -122.06481  46.18683 -0.549
  4548 -122.06284  46.18818 -0.527
  4549 -122.06618  46.18737 -0.578
  4550 -122.06736  46.18796 -0.577
  4551 -122.06801  46.18869 -0.595
  4554 -122.06385  46.18901 -0.528
  4555 -122.06554  46.18921 -0.534
  4556 -122.06661  46.19001 -0.540
  4557 -122.06804  46.19098 -0.536
  4558 -122.06834  46.19229 -0.519
  4561 -122.07011  46.19385 -0.537
  4562 -122.07289  46.19568 -0.552
  4563 -122.07436  46.19695 -0.546
  4564 -122.07667  46.19876 -0.544
  4565 -122.07820  46.20078 -0.545
  4566 -122.08069  46.20256 -0.549
  4567 -122.08325  46.20400 -0.555
  4568 -122.08582  46.20547 -0.587
  4569 -122.08740  46.20704 -0.578
  4570 -122.08747  46.20984 -0.551
  4571 -122.08845  46.21207 -0.557
  4572 -122.08934  46.21460 -0.568
  4574 -122.08961  46.22001 -0.562
  4576 -122.09122  46.22418 -0.592
  4577 -122.09116  46.22630 -0.601
  4578 -122.09266  46.22883 -0.598
  4579 -122.09448  46.23131 -0.610
  4580 -122.09775  46.23232 -0.617
  4581 -122.10010  46.23361 -0.624
  4582 -122.10254  46.23498 -0.630
  4583 -122.10451  46.23633 -0.637
  4584 -122.10106  46.23629 -0.647
  4585 -122.09829  46.23678 -0.662
  4586 -122.09628  46.23797 -0.677
  4587 -122.09505  46.23965 -0.694
  4588 -122.09667  46.24068 -0.752
  4589 -122.09955  46.24035 -0.795
  4590 -122.10185  46.24130 -0.820
  4591 -122.10204  46.24345 -0.894
  4592 -122.10325  46.24408 -0.926
  4593 -122.10431  46.24517 -0.956
  4597 -122.10521  46.25097 -1.077
  4598 -122.10577  46.25181 -1.109
  4599 -122.10600  46.25311 -1.126
  4600 -122.10469  46.25422 -1.143
  4601 -122.10551  46.25556 -1.183
  4602 -122.10679  46.25681 -1.203
  4604 -122.10818  46.25530 -1.266
  4605 -122.10949  46.25635 -1.291
  4606 -122.11108  46.25750 -1.307
  4614 -122.11023  46.27079 -1.257
  4615 -122.10913  46.27255 -1.238
  4634 -122.27913  46.17585 -0.993
  4635 -122.27809  46.17872 -1.071
  4636 -122.27797  46.19047 -1.043
  4637 -122.27265  46.18984 -1.000
  4651 -122.28709  46.23282 -1.249
  4652 -122.28303  46.23344 -1.206
  4653 -122.28147  46.23220 -1.238
  4654 -122.27860  46.23004 -1.244
  4655 -122.27225  46.12607 -1.034
  4656 -122.27014  46.12553 -1.033
  4657 -122.26806  46.12781 -0.998
  4658 -122.26557  46.12899 -1.002
  4659 -122.26371  46.12817 -0.979
  4660 -122.26511  46.12636 -0.961
  4683 -122.17668  46.28680 -1.438
  4684 -122.17549  46.28499 -1.356
  4686 -122.17129  46.28005 -1.365
  4687 -122.17340  46.27966 -1.328
  4689 -122.17330  46.27586 -1.440
  4690 -122.17344  46.27276 -1.391
  4691 -122.17554  46.27773 -1.320
  4692 -122.17898  46.27703 -1.297
  4693 -122.18085  46.27614 -1.275
  4694 -122.18264  46.27562 -1.274
  4695 -122.18324  46.27481 -1.248
  4696 -122.18374  46.27401 -1.229
  4697 -122.18362  46.27367 -1.221
  4698 -122.18339  46.27315 -1.214
  4699 -122.18296  46.27279 -1.201
  4700 -122.18184  46.27267 -1.196
  4702 -122.27433  46.28687 -0.770
  4703 -122.18487  46.27308 -1.242
  4705 -122.18599  46.27198 -1.259
  4706 -122.18131  46.27209 -1.183
  4707 -122.18179  46.27614 -1.274
  4708 -122.17915  46.27104 -1.155
  4709 -122.17774  46.26928 -1.141
  4710 -122.17714  46.26666 -1.123
  4711 -122.17659  46.26469 -1.097
  4712 -122.17587  46.26255 -1.076
  4713 -122.17487  46.25951 -1.081
  4714 -122.17526  46.25651 -1.075
  4715 -122.17261  46.25494 -1.071
  4716 -122.17225  46.25279 -1.087
  4717 -122.17221  46.25182 -1.086
  4718 -122.16999  46.24912 -1.094
  4719 -122.16865  46.24835 -1.090
  4720 -122.16706  46.24722 -1.101
  4721 -122.16546  46.24381 -1.126
  4722 -122.16418  46.24188 -1.129
  4723 -122.16155  46.24097 -1.144
  4730 -122.15512  46.23131 -1.265
  4731 -122.15711  46.22929 -1.292
  4732 -122.16747  46.24249 -1.144
  4733 -122.17101  46.24149 -1.155
  4734 -122.17309  46.24025 -1.143
  4735 -122.14846  46.23001 -1.273
  4736 -122.14727  46.22780 -1.336
  4737 -122.14767  46.22536 -1.321
  4738 -122.14835  46.22285 -1.377
  4739 -122.14752  46.22068 -1.403
  4741 -122.14090  46.21753 -1.340
  4742 -122.13993  46.21584 -1.347
  4743 -122.13913  46.21418 -1.359
  4745 -122.14998  46.23606 -1.258
  4746 -122.14636  46.23692 -1.266
  4747 -122.14445  46.23818 -1.296
  4748 -122.14010  46.23826 -1.269
  4749 -122.13840  46.23950 -1.276
  4750 -122.13729  46.24191 -1.273
  4751 -122.13681  46.24470 -1.262
  4752 -122.13462  46.24702 -1.243
  4753 -122.13625  46.24962 -1.219
  4754 -122.13405  46.25171 -1.235
  4755 -122.13196  46.25393 -1.236
  4756 -122.12742  46.25400 -1.264
  4757 -122.12405  46.25322 -1.276
  4758 -122.12093  46.25390 -1.285
  4759 -122.11823  46.25213 -1.274
  4760 -122.11869  46.25539 -1.307
  4761 -122.11814  46.25706 -1.328
  4768 -122.08691  46.27957 -1.075
  4769 -122.08254  46.27777 -1.054
  4770 -122.08333  46.27567 -1.035
  4772 -122.08181  46.27183 -1.053
  4773 -122.08058  46.26972 -1.055
  4774 -122.07877  46.26753 -1.064
  4775 -122.07794  46.26508 -1.091
  4776 -122.07790  46.26288 -1.103
  4777 -122.07902  46.26065 -1.116
  4778 -122.07838  46.25882 -1.107
  4779 -122.07925  46.25659 -1.115
  4780 -122.07977  46.25466 -1.115
  4781 -122.07828  46.25261 -1.110
  4782 -122.07761  46.25024 -1.099
  4784 -122.07538  46.24805 -1.107
  4785 -122.07077  46.24877 -1.128
  4786 -122.06898  46.24614 -1.134
  4787 -122.06663  46.24383 -1.118
  4788 -122.06262  46.24266 -1.090
  4789 -122.06286  46.23987 -1.080
  4790 -122.06316  46.23860 -1.079
  4791 -122.06339  46.23761 -1.084
  4792 -122.06216  46.23710 -1.082
  4793 -122.06045  46.23673 -1.091
  4795 -122.05781  46.23701 -1.082
  4798 -122.06456  46.23588 -1.094
  4799 -122.06375  46.23514 -1.103
  4800 -122.06106  46.23586 -1.132
  4801 -122.05991  46.23538 -1.133
  4802 -122.05867  46.23505 -1.159
  4803 -122.05717  46.23507 -1.175
  4804 -122.06215  46.23451 -1.096
  4805 -122.06129  46.23368 -1.105
  4808 -122.06316  46.22937 -1.134
  4809 -122.06481  46.22734 -1.124
  4810 -122.06415  46.22519 -1.114
  4811 -122.06243  46.22285 -1.111
  4812 -122.06142  46.21994 -1.074
  4813 -122.05909  46.21761 -1.070
  4814 -122.05788  46.21494 -1.068
  4815 -122.05654  46.21300 -1.085
  4816 -122.05374  46.21410 -1.050
  4817 -122.05145  46.21176 -1.047
  4835 -122.19018  46.12166 -0.717
  4836 -122.19282  46.11970 -0.707
  4837 -122.19626  46.11851 -0.692
  4840 -122.20601  46.12188 -0.674
  4848 -122.24067  46.19626 -1.341
  4849 -122.24392  46.19652 -1.308
  4850 -122.24737  46.19685 -1.273
  4851 -122.25069  46.19752 -1.250
  4853 -122.25772  46.19880 -1.165
  4855 -122.25129  46.17439 -1.086
  4856 -122.25238  46.17680 -1.108
  4857 -122.25306  46.18020 -1.131
  4858 -122.25096  46.18345 -1.159
  4859 -122.25148  46.18721 -1.215
  4860 -122.25181  46.19113 -1.206
  4861 -122.25615  46.19296 -1.225
  4862 -122.24995  46.21641 -1.204
  4863 -122.25296  46.21832 -1.212
  4864 -122.25582  46.21980 -1.246
  4865 -122.25666  46.22251 -1.215
  4866 -122.25835  46.22573 -1.196
  4869 -122.25971  46.23277 -1.199
  4870 -122.25835  46.23551 -1.181
  4871 -122.25685  46.23858 -1.171
  4872 -122.25717  46.24094 -1.137
  4873 -122.25992  46.22135 -1.312
  4874 -122.26374  46.22091 -1.290
  4875 -122.26804  46.22203 -1.313
  4876 -122.27151  46.22388 -1.325
  4881 -122.27643  46.22396 -1.252
  4882 -122.27650  46.22174 -1.247
  4883 -122.27974  46.21981 -1.209
  4884 -122.27807  46.22964 -1.248
  4885 -122.28044  46.23202 -1.245
  4886 -122.28262  46.23256 -1.228
  4887 -122.28431  46.23361 -1.211
  4888 -122.28880  46.23239 -1.258
  4889 -122.28599  46.23529 -1.256
  4890 -122.28636  46.23726 -1.267
  4891 -122.28957  46.23865 -1.258
  4892 -122.29111  46.24030 -1.239
  4893 -122.29318  46.24153 -1.231
  4894 -122.29732  46.24267 -1.227
  4895 -122.30073  46.24258 -1.236
  4896 -122.30433  46.24267 -1.241
  4897 -122.30891  46.24399 -1.269
  4898 -122.31307  46.24276 -1.261
  4899 -122.31534  46.24486 -1.243
  4902 -122.32380  46.24845 -1.303
  4903 -122.32868  46.24728 -1.334
  4904 -122.33031  46.24581 -1.335
  4911 -122.29944  46.24241 -1.224
  4912 -122.29569  46.24273 -1.225
  4913 -122.29207  46.24071 -1.235
  4914 -122.28737  46.23815 -1.266
  4915 -122.18744  46.27021 -1.256
  4918 -122.19508  46.27281 -1.263
  4919 -122.19842  46.27260 -1.245
  4920 -122.20172  46.27243 -1.223
  4921 -122.20468  46.27268 -1.213
  4922 -122.20794  46.27306 -1.233
  4923 -122.20999  46.27468 -1.237
  4924 -122.21114  46.27632 -1.260
  4925 -122.21354  46.27690 -1.272
  4926 -122.21961  46.27725 -1.265
  4927 -122.22287  46.27715 -1.237
  4928 -122.27271  46.28660 -0.784
  4929 -122.27618  46.28596 -0.736
  4930 -122.27712  46.28411 -0.726
  4931 -122.27540  46.28203 -0.733
  4932 -122.27435  46.28055 -0.720
  4934 -122.27186  46.28009 -0.746
  4935 -122.27056  46.27955 -0.751
  4936 -122.26833  46.27883 -0.754
  4937 -122.26585  46.27897 -0.765
  4938 -122.26779  46.28050 -0.764
  4939 -122.26789  46.28261 -0.759
  4942 -122.26226  46.27813 -0.765
  4943 -122.26032  46.27632 -0.769
  4944 -122.25753  46.27493 -0.799
  4947 -122.25455  46.27642 -0.895
  4948 -122.25282  46.27711 -0.939
  4949 -122.24989  46.27677 -0.974
  4950 -122.24777  46.27618 -1.012
  4951 -122.24702  46.27765 -1.049
  4952 -122.24472  46.27751 -1.076
  4953 -122.24179  46.27654 -1.094
  4954 -122.23896  46.27705 -1.125
  4955 -122.23289  46.27289 -1.163
  4956 -122.23111  46.27480 -1.171
  4957 -122.23043  46.27646 -1.187
  4958 -122.23758  46.27412 -1.155
  4959 -122.25638  46.28668 -0.813
  4968 -122.17239  46.25388 -1.085
  4969 -122.17110  46.25032 -1.096
  4972 -122.22946  46.27829 -1.188
  4973 -122.22238  46.28052 -1.162
  4974 -122.21549  46.28252 -1.119
  4975 -122.20819  46.28176 -1.084
  4976 -122.20342  46.27935 -1.062
  4983 -122.27264  46.28989 -0.778
  4984 -122.27432  46.29276 -0.797
  4985 -122.27406  46.29639 -0.839
  4986 -122.27568  46.30029 -0.855
  4987 -122.27830  46.30221 -0.853
  4988 -122.27580  46.30355 -0.902
  4991 -122.27613  46.30626 -0.929
  4992 -122.27837  46.30983 -0.916
  4993 -122.28248  46.31196 -0.928
  4996 -122.21313  46.28900 -0.909
  4997 -122.20364  46.28630 -0.964
  4999 -122.20468  46.28070 -1.071
  5000 -122.21271  46.28257 -1.111
  5001 -122.21866  46.28192 -1.147
  5002 -122.22605  46.27906 -1.188
  5003 -122.28677  46.30908 -0.952
  5004 -122.28709  46.30842 -0.955
  5005 -122.29093  46.30694 -0.958
  5006 -122.29606  46.30551 -0.977
  5007 -122.29502  46.30275 -0.980
  5008 -122.29388  46.30026 -1.012
  5012 -122.04843  46.17516 -0.529
  5013 -122.04519  46.17363 -0.545
  5014 -122.04241  46.17151 -0.562
  5015 -122.04078  46.16985 -0.545
  5016 -122.03863  46.16893 -0.540
  5017 -122.03680  46.16686 -0.537
  5018 -122.03537  46.16535 -0.526
  5019 -122.03461  46.16306 -0.504
  5020 -122.26610  46.29297 -0.774
  5021 -122.26475  46.29445 -0.769
